INFO:__main__:PDF von <athlet.Athlet object at 0x0000022DBB4931A0> wird ausgefüllt!
WARNING:pypdf._writer:Font dictionary for /Helvetica not found.
WARNING:pypdf._writer:Font dictionary for /Helvetica not found.
WARNING:pypdf._writer:Font dictionary for /Helvetica not found.
WARNING:pypdf._writer:Font dictionary for /Helvetica not found.
WARNING:pypdf._writer:Font dictionary for /Helvetica not found.
WARNING:pypdf._writer:Font dictionary for /Helvetica not found.
INFO:__main__:PDF von <athlet.Athlet object at 0x0000022DBB4931A0> wurde ausgefüllt!
INFO:__main__:PDF von <athlet.Athlet object at 0x00000278D054AB40> wird ausgefüllt!
WARNING:pypdf._writer:Font dictionary for /Helvetica not found.
WARNING:pypdf._writer:Font dictionary for /Helvetica not found.
WARNING:pypdf._writer:Font dictionary for /Helvetica not found.
WARNING:pypdf._writer:Font dictionary for /Helvetica not found.
WARNING:pypdf._writer:Font dictionary for /Helvetica not found.
WARNING:pypdf._writer:Font dictionary for /Helvetica not found.
INFO:__main__:PDF von <athlet.Athlet object at 0x00000278D054AB40> wurde ausgefüllt!
INFO:__main__:PDF von <athlet.Athlet object at 0x000002594F3A3740> wird ausgefüllt!
WARNING:pypdf._writer:Font dictionary for /Helvetica not found.
WARNING:pypdf._writer:Font dictionary for /Helvetica not found.
WARNING:pypdf._writer:Font dictionary for /Helvetica not found.
WARNING:pypdf._writer:Font dictionary for /Helvetica not found.
WARNING:pypdf._writer:Font dictionary for /Helvetica not found.
WARNING:pypdf._writer:Font dictionary for /Helvetica not found.
INFO:__main__:PDF von <athlet.Athlet object at 0x000002594F3A3740> wurde ausgefüllt!
INFO:__main__:PDF von <athlet.Athlet object at 0x00000254CB87AAB0> wird ausgefüllt!
WARNING:pypdf._writer:Font dictionary for /Helvetica not found.
WARNING:pypdf._writer:Font dictionary for /Helvetica not found.
WARNING:pypdf._writer:Font dictionary for /Helvetica not found.
WARNING:pypdf._writer:Font dictionary for /Helvetica not found.
WARNING:pypdf._writer:Font dictionary for /Helvetica not found.
WARNING:pypdf._writer:Font dictionary for /Helvetica not found.
INFO:__main__:PDF von <athlet.Athlet object at 0x00000254CB87AAB0> wurde ausgefüllt!
